<?xml version="1.0" encoding="UTF-8"?>
<!-- Generated by org.testng.reporters.JUnitReportReporter -->
<testsuite hostname="DESKTOP-BF5Q01B" failures="0" tests="1" name="Test1.Test" time="6.327" errors="0" timestamp="2022-04-21T21:50:27 IST" skipped="0">
  <testcase classname="Test1.Test" name="main" time="6.327"/>
  <system-out/>
</testsuite> <!-- Test1.Test -->
